[28-Sep-2017 22:16:24 UTC] PHP Parse error:  syntax error, unexpected end of file in /home/ubuntu/workspace/Slider/index.php on line 103
[28-Sep-2017 22:17:44 UTC] PHP Parse error:  syntax error, unexpected end of file in /home/ubuntu/workspace/Slider/index.php on line 99
[28-Sep-2017 22:17:45 UTC] PHP Parse error:  syntax error, unexpected end of file in /home/ubuntu/workspace/Slider/index.php on line 99
[28-Sep-2017 22:17:46 UTC] PHP Parse error:  syntax error, unexpected end of file in /home/ubuntu/workspace/Slider/index.php on line 99
[28-Sep-2017 22:17:46 UTC] PHP Parse error:  syntax error, unexpected end of file in /home/ubuntu/workspace/Slider/index.php on line 99
[28-Sep-2017 22:17:46 UTC] PHP Parse error:  syntax error, unexpected end of file in /home/ubuntu/workspace/Slider/index.php on line 99
[28-Sep-2017 22:17:46 UTC] PHP Parse error:  syntax error, unexpected end of file in /home/ubuntu/workspace/Slider/index.php on line 99
[28-Sep-2017 22:30:51 UTC] PHP Warning:  include(/Slider/api/pixabayAPI.php): failed to open stream: No such file or directory in /home/ubuntu/workspace/Slider/index.php on line 20
[28-Sep-2017 22:30:51 UTC] PHP Stack trace:
[28-Sep-2017 22:30:51 UTC] PHP   1. {main}() /home/ubuntu/workspace/Slider/index.php:0
[28-Sep-2017 22:30:51 UTC] PHP Warning:  include(): Failed opening '/Slider/api/pixabayAPI.php' for inclusion (include_path='.:/usr/share/php:/usr/share/pear') in /home/ubuntu/workspace/Slider/index.php on line 20
[28-Sep-2017 22:30:51 UTC] PHP Stack trace:
[28-Sep-2017 22:30:51 UTC] PHP   1. {main}() /home/ubuntu/workspace/Slider/index.php:0
[28-Sep-2017 22:30:51 UTC] PHP Warning:  include(/Slider/api/pixabayAPI.php): failed to open stream: No such file or directory in /home/ubuntu/workspace/Slider/index.php on line 20
[28-Sep-2017 22:30:51 UTC] PHP Stack trace:
[28-Sep-2017 22:30:51 UTC] PHP   1. {main}() /home/ubuntu/workspace/Slider/index.php:0
[28-Sep-2017 22:30:51 UTC] PHP Warning:  include(): Failed opening '/Slider/api/pixabayAPI.php' for inclusion (include_path='.:/usr/share/php:/usr/share/pear') in /home/ubuntu/workspace/Slider/index.php on line 20
[28-Sep-2017 22:30:51 UTC] PHP Stack trace:
[28-Sep-2017 22:30:51 UTC] PHP   1. {main}() /home/ubuntu/workspace/Slider/index.php:0
[28-Sep-2017 22:30:52 UTC] PHP Warning:  include(/Slider/api/pixabayAPI.php): failed to open stream: No such file or directory in /home/ubuntu/workspace/Slider/index.php on line 20
[28-Sep-2017 22:30:52 UTC] PHP Stack trace:
[28-Sep-2017 22:30:52 UTC] PHP   1. {main}() /home/ubuntu/workspace/Slider/index.php:0
[28-Sep-2017 22:30:52 UTC] PHP Warning:  include(): Failed opening '/Slider/api/pixabayAPI.php' for inclusion (include_path='.:/usr/share/php:/usr/share/pear') in /home/ubuntu/workspace/Slider/index.php on line 20
[28-Sep-2017 22:30:52 UTC] PHP Stack trace:
[28-Sep-2017 22:30:52 UTC] PHP   1. {main}() /home/ubuntu/workspace/Slider/index.php:0
[28-Sep-2017 22:30:52 UTC] PHP Warning:  include(/Slider/api/pixabayAPI.php): failed to open stream: No such file or directory in /home/ubuntu/workspace/Slider/index.php on line 20
[28-Sep-2017 22:30:52 UTC] PHP Stack trace:
[28-Sep-2017 22:30:52 UTC] PHP   1. {main}() /home/ubuntu/workspace/Slider/index.php:0
[28-Sep-2017 22:30:52 UTC] PHP Warning:  include(): Failed opening '/Slider/api/pixabayAPI.php' for inclusion (include_path='.:/usr/share/php:/usr/share/pear') in /home/ubuntu/workspace/Slider/index.php on line 20
[28-Sep-2017 22:30:52 UTC] PHP Stack trace:
[28-Sep-2017 22:30:52 UTC] PHP   1. {main}() /home/ubuntu/workspace/Slider/index.php:0
[28-Sep-2017 22:30:53 UTC] PHP Warning:  include(/Slider/api/pixabayAPI.php): failed to open stream: No such file or directory in /home/ubuntu/workspace/Slider/index.php on line 20
[28-Sep-2017 22:30:53 UTC] PHP Stack trace:
[28-Sep-2017 22:30:53 UTC] PHP   1. {main}() /home/ubuntu/workspace/Slider/index.php:0
[28-Sep-2017 22:30:53 UTC] PHP Warning:  include(): Failed opening '/Slider/api/pixabayAPI.php' for inclusion (include_path='.:/usr/share/php:/usr/share/pear') in /home/ubuntu/workspace/Slider/index.php on line 20
[28-Sep-2017 22:30:53 UTC] PHP Stack trace:
[28-Sep-2017 22:30:53 UTC] PHP   1. {main}() /home/ubuntu/workspace/Slider/index.php:0
[28-Sep-2017 22:30:53 UTC] PHP Warning:  include(/Slider/api/pixabayAPI.php): failed to open stream: No such file or directory in /home/ubuntu/workspace/Slider/index.php on line 20
[28-Sep-2017 22:30:53 UTC] PHP Stack trace:
[28-Sep-2017 22:30:53 UTC] PHP   1. {main}() /home/ubuntu/workspace/Slider/index.php:0
[28-Sep-2017 22:30:53 UTC] PHP Warning:  include(): Failed opening '/Slider/api/pixabayAPI.php' for inclusion (include_path='.:/usr/share/php:/usr/share/pear') in /home/ubuntu/workspace/Slider/index.php on line 20
[28-Sep-2017 22:30:53 UTC] PHP Stack trace:
[28-Sep-2017 22:30:53 UTC] PHP   1. {main}() /home/ubuntu/workspace/Slider/index.php:0
[28-Sep-2017 22:30:54 UTC] PHP Warning:  include(/Slider/api/pixabayAPI.php): failed to open stream: No such file or directory in /home/ubuntu/workspace/Slider/index.php on line 20
[28-Sep-2017 22:30:54 UTC] PHP Stack trace:
[28-Sep-2017 22:30:54 UTC] PHP   1. {main}() /home/ubuntu/workspace/Slider/index.php:0
[28-Sep-2017 22:30:54 UTC] PHP Warning:  include(): Failed opening '/Slider/api/pixabayAPI.php' for inclusion (include_path='.:/usr/share/php:/usr/share/pear') in /home/ubuntu/workspace/Slider/index.php on line 20
[28-Sep-2017 22:30:54 UTC] PHP Stack trace:
[28-Sep-2017 22:30:54 UTC] PHP   1. {main}() /home/ubuntu/workspace/Slider/index.php:0
[28-Sep-2017 22:30:54 UTC] PHP Warning:  include(/Slider/api/pixabayAPI.php): failed to open stream: No such file or directory in /home/ubuntu/workspace/Slider/index.php on line 20
[28-Sep-2017 22:30:54 UTC] PHP Stack trace:
[28-Sep-2017 22:30:54 UTC] PHP   1. {main}() /home/ubuntu/workspace/Slider/index.php:0
[28-Sep-2017 22:30:54 UTC] PHP Warning:  include(): Failed opening '/Slider/api/pixabayAPI.php' for inclusion (include_path='.:/usr/share/php:/usr/share/pear') in /home/ubuntu/workspace/Slider/index.php on line 20
[28-Sep-2017 22:30:54 UTC] PHP Stack trace:
[28-Sep-2017 22:30:54 UTC] PHP   1. {main}() /home/ubuntu/workspace/Slider/index.php:0
[28-Sep-2017 22:30:55 UTC] PHP Warning:  include(/Slider/api/pixabayAPI.php): failed to open stream: No such file or directory in /home/ubuntu/workspace/Slider/index.php on line 20
[28-Sep-2017 22:30:55 UTC] PHP Stack trace:
[28-Sep-2017 22:30:55 UTC] PHP   1. {main}() /home/ubuntu/workspace/Slider/index.php:0
[28-Sep-2017 22:30:55 UTC] PHP Warning:  include(): Failed opening '/Slider/api/pixabayAPI.php' for inclusion (include_path='.:/usr/share/php:/usr/share/pear') in /home/ubuntu/workspace/Slider/index.php on line 20
[28-Sep-2017 22:30:55 UTC] PHP Stack trace:
[28-Sep-2017 22:30:55 UTC] PHP   1. {main}() /home/ubuntu/workspace/Slider/index.php:0
[28-Sep-2017 22:30:55 UTC] PHP Warning:  include(/Slider/api/pixabayAPI.php): failed to open stream: No such file or directory in /home/ubuntu/workspace/Slider/index.php on line 20
[28-Sep-2017 22:30:55 UTC] PHP Stack trace:
[28-Sep-2017 22:30:55 UTC] PHP   1. {main}() /home/ubuntu/workspace/Slider/index.php:0
[28-Sep-2017 22:30:55 UTC] PHP Warning:  include(): Failed opening '/Slider/api/pixabayAPI.php' for inclusion (include_path='.:/usr/share/php:/usr/share/pear') in /home/ubuntu/workspace/Slider/index.php on line 20
[28-Sep-2017 22:30:55 UTC] PHP Stack trace:
[28-Sep-2017 22:30:55 UTC] PHP   1. {main}() /home/ubuntu/workspace/Slider/index.php:0
[28-Sep-2017 22:30:56 UTC] PHP Warning:  include(/Slider/api/pixabayAPI.php): failed to open stream: No such file or directory in /home/ubuntu/workspace/Slider/index.php on line 20
[28-Sep-2017 22:30:56 UTC] PHP Stack trace:
[28-Sep-2017 22:30:56 UTC] PHP   1. {main}() /home/ubuntu/workspace/Slider/index.php:0
[28-Sep-2017 22:30:56 UTC] PHP Warning:  include(): Failed opening '/Slider/api/pixabayAPI.php' for inclusion (include_path='.:/usr/share/php:/usr/share/pear') in /home/ubuntu/workspace/Slider/index.php on line 20
[28-Sep-2017 22:30:56 UTC] PHP Stack trace:
[28-Sep-2017 22:30:56 UTC] PHP   1. {main}() /home/ubuntu/workspace/Slider/index.php:0
[28-Sep-2017 22:30:56 UTC] PHP Warning:  include(/Slider/api/pixabayAPI.php): failed to open stream: No such file or directory in /home/ubuntu/workspace/Slider/index.php on line 20
[28-Sep-2017 22:30:56 UTC] PHP Stack trace:
[28-Sep-2017 22:30:56 UTC] PHP   1. {main}() /home/ubuntu/workspace/Slider/index.php:0
[28-Sep-2017 22:30:56 UTC] PHP Warning:  include(): Failed opening '/Slider/api/pixabayAPI.php' for inclusion (include_path='.:/usr/share/php:/usr/share/pear') in /home/ubuntu/workspace/Slider/index.php on line 20
[28-Sep-2017 22:30:56 UTC] PHP Stack trace:
[28-Sep-2017 22:30:56 UTC] PHP   1. {main}() /home/ubuntu/workspace/Slider/index.php:0
[28-Sep-2017 22:32:06 UTC] PHP Parse error:  syntax error, unexpected 'print_r' (T_STRING) in /home/ubuntu/workspace/Slider/index.php on line 22
[28-Sep-2017 22:32:07 UTC] PHP Parse error:  syntax error, unexpected 'print_r' (T_STRING) in /home/ubuntu/workspace/Slider/index.php on line 22
[28-Sep-2017 22:32:08 UTC] PHP Parse error:  syntax error, unexpected 'print_r' (T_STRING) in /home/ubuntu/workspace/Slider/index.php on line 22
[28-Sep-2017 22:32:21 UTC] PHP Parse error:  syntax error, unexpected 'print_r' (T_STRING) in /home/ubuntu/workspace/Slider/index.php on line 22
[28-Sep-2017 22:32:26 UTC] PHP Parse error:  syntax error, unexpected 'print_r' (T_STRING) in /home/ubuntu/workspace/Slider/index.php on line 22
[28-Sep-2017 22:33:25 UTC] PHP Parse error:  syntax error, unexpected '$backgroundImage' (T_VARIABLE) in /home/ubuntu/workspace/Slider/index.php on line 22
[28-Sep-2017 22:33:27 UTC] PHP Parse error:  syntax error, unexpected '$backgroundImage' (T_VARIABLE) in /home/ubuntu/workspace/Slider/index.php on line 22
[28-Sep-2017 22:33:45 UTC] PHP Parse error:  syntax error, unexpected '$backgroundImage' (T_VARIABLE) in /home/ubuntu/workspace/Slider/index.php on line 22
[28-Sep-2017 22:33:46 UTC] PHP Parse error:  syntax error, unexpected '$backgroundImage' (T_VARIABLE) in /home/ubuntu/workspace/Slider/index.php on line 22
[28-Sep-2017 22:33:52 UTC] PHP Parse error:  syntax error, unexpected '$backgroundImage' (T_VARIABLE) in /home/ubuntu/workspace/Slider/index.php on line 22
[28-Sep-2017 22:33:53 UTC] PHP Parse error:  syntax error, unexpected '$backgroundImage' (T_VARIABLE) in /home/ubuntu/workspace/Slider/index.php on line 22
[28-Sep-2017 22:33:53 UTC] PHP Parse error:  syntax error, unexpected '$backgroundImage' (T_VARIABLE) in /home/ubuntu/workspace/Slider/index.php on line 22
[28-Sep-2017 22:33:54 UTC] PHP Parse error:  syntax error, unexpected '$backgroundImage' (T_VARIABLE) in /home/ubuntu/workspace/Slider/index.php on line 22
[28-Sep-2017 22:34:05 UTC] PHP Parse error:  syntax error, unexpected '$backgroundImage' (T_VARIABLE) in /home/ubuntu/workspace/Slider/index.php on line 22
[28-Sep-2017 22:34:06 UTC] PHP Parse error:  syntax error, unexpected '$backgroundImage' (T_VARIABLE) in /home/ubuntu/workspace/Slider/index.php on line 22
[28-Sep-2017 22:34:10 UTC] PHP Parse error:  syntax error, unexpected '$backgroundImage' (T_VARIABLE) in /home/ubuntu/workspace/Slider/index.php on line 22
[28-Sep-2017 22:34:10 UTC] PHP Parse error:  syntax error, unexpected '$backgroundImage' (T_VARIABLE) in /home/ubuntu/workspace/Slider/index.php on line 22
[28-Sep-2017 22:34:10 UTC] PHP Parse error:  syntax error, unexpected '$backgroundImage' (T_VARIABLE) in /home/ubuntu/workspace/Slider/index.php on line 22
[28-Sep-2017 22:34:11 UTC] PHP Parse error:  syntax error, unexpected '$backgroundImage' (T_VARIABLE) in /home/ubuntu/workspace/Slider/index.php on line 22
[28-Sep-2017 22:35:00 UTC] PHP Parse error:  syntax error, unexpected '$backgroundImage' (T_VARIABLE) in /home/ubuntu/workspace/Slider/index.php on line 22
[28-Sep-2017 22:35:00 UTC] PHP Parse error:  syntax error, unexpected '$backgroundImage' (T_VARIABLE) in /home/ubuntu/workspace/Slider/index.php on line 22
[28-Sep-2017 22:36:18 UTC] PHP Parse error:  syntax error, unexpected 's' (T_STRING) in /home/ubuntu/workspace/Slider/index.php on line 22
[28-Sep-2017 22:36:38 UTC] PHP Parse error:  syntax error, unexpected '$backgroundImage' (T_VARIABLE) in /home/ubuntu/workspace/Slider/index.php on line 22
[28-Sep-2017 22:36:39 UTC] PHP Parse error:  syntax error, unexpected '$backgroundImage' (T_VARIABLE) in /home/ubuntu/workspace/Slider/index.php on line 22
[28-Sep-2017 22:37:03 UTC] PHP Parse error:  syntax error, unexpected '$bgImage' (T_VARIABLE) in /home/ubuntu/workspace/Slider/index.php on line 22
[28-Sep-2017 22:37:31 UTC] PHP Parse error:  syntax error, unexpected '$backgroundImage' (T_VARIABLE) in /home/ubuntu/workspace/Slider/index.php on line 22
[28-Sep-2017 22:37:32 UTC] PHP Parse error:  syntax error, unexpected '$backgroundImage' (T_VARIABLE) in /home/ubuntu/workspace/Slider/index.php on line 22
[28-Sep-2017 22:38:50 UTC] PHP Parse error:  syntax error, unexpected '$backgroundImage' (T_VARIABLE) in /home/ubuntu/workspace/Slider/index.php on line 22
[28-Sep-2017 22:38:52 UTC] PHP Parse error:  syntax error, unexpected '$backgroundImage' (T_VARIABLE) in /home/ubuntu/workspace/Slider/index.php on line 22
[28-Sep-2017 22:38:52 UTC] PHP Parse error:  syntax error, unexpected '$backgroundImage' (T_VARIABLE) in /home/ubuntu/workspace/Slider/index.php on line 22
[28-Sep-2017 22:38:53 UTC] PHP Parse error:  syntax error, unexpected '$backgroundImage' (T_VARIABLE) in /home/ubuntu/workspace/Slider/index.php on line 22
